<?xml version="1.0" encoding="UTF-8"?>
<!-- Generated by org.testng.reporters.JUnitXMLReporter -->
<testsuite hostname="qedge992-PC" name="On firefox" tests="4" failures="0" timestamp="5 Jan 2016 09:15:31 GMT" time="76.898" errors="0">
  <testcase name="loginTest" time="36.565" classname="com.orangehrm.testsuite.Login"/>
  <testcase name="addEmployeeTest" time="25.98" classname="com.orangehrm.testsuite.AddEmployee"/>
  <testcase name="screenshotTest" time="0.266" classname="com.orangehrm.testsuite.Screenshot"/>
  <testcase name="logoutTest" time="14.057" classname="com.orangehrm.testsuite.Logout"/>
</testsuite> <!-- On firefox -->
