<?xml version="1.0" encoding="UTF-8"?>
<!-- Generated by org.testng.reporters.JUnitXMLReporter -->
<testsuite hostname="qedge992-PC" name="Test" tests="4" failures="3" timestamp="4 Jan 2016 07:51:03 GMT" time="8.395" errors="0">
  <testcase name="loginTest" time="0.0" classname="com.orangehrm.testsuite.Login">
    <skipped/>
  </testcase> <!-- loginTest -->
  <testcase name="addEmployeeTest" time="1.248" classname="com.orangehrm.testsuite.AddEmployee">
    <failure type="java.lang.NullPointerException">
      <![CDATA[java.lang.NullPointerException
	at org.openqa.selenium.support.pagefactory.DefaultElementLocator.findElement(DefaultElementLocator.java:69)
	at org.openqa.selenium.support.pagefactory.internal.LocatingElementHandler.invoke(LocatingElementHandler.java:38)
	at com.sun.proxy.$Proxy5.click(Unknown Source)
	at com.orangehrm.testsuite.Menu.pim(Menu.java:18)
	at com.orangehrm.testsuite.AddEmployee.addEmployeeTest(AddEmployee.java:29)
... Removed 24 stack frames]]>
    </failure>
  </testcase> <!-- addEmployeeTest -->
  <testcase name="screenshotTest" time="0.064" classname="com.orangehrm.testsuite.Screenshot">
    <failure type="java.lang.NullPointerException">
      <![CDATA[java.lang.NullPointerException
	at com.orangehrm.testsuite.TakingScreenshot.takescreenshot(TakingScreenshot.java:16)
	at com.orangehrm.testsuite.Screenshot.screenshotTest(Screenshot.java:21)
... Removed 24 stack frames]]>
    </failure>
  </testcase> <!-- screenshotTest -->
  <testcase name="logoutTest" time="7.052" classname="com.orangehrm.testsuite.Logout">
    <failure type="java.lang.NullPointerException">
      <![CDATA[java.lang.NullPointerException
	at org.openqa.selenium.support.pagefactory.DefaultElementLocator.findElement(DefaultElementLocator.java:69)
	at org.openqa.selenium.support.pagefactory.internal.LocatingElementHandler.invoke(LocatingElementHandler.java:38)
	at com.sun.proxy.$Proxy5.click(Unknown Source)
	at com.orangehrm.testsuite.Menu.logout(Menu.java:57)
	at com.orangehrm.testsuite.Logout.logoutTest(Logout.java:25)
... Removed 24 stack frames]]>
    </failure>
  </testcase> <!-- logoutTest -->
</testsuite> <!-- Test -->
